2017-09-25 16:11:25  [ http-bio-80-exec-11:2518219 ] - [ ERROR ]  platform global ok:::::2017-09-25 16:11:24-------2017-09-25 16:11:25
  2017-09-25 16:12:14  [ http-bio-80-exec-13:2568133 ] - [ ERROR ]  platform global ok:::::2017-09-25 16:12:14-------2017-09-25 16:12:14
  2017-09-25 16:12:25  [ http-bio-80-exec-3:2578218 ] - [ ERROR ]  platform global ok:::::2017-09-25 16:12:24-------2017-09-25 16:12:25
  2017-09-25 16:12:28  [ http-bio-80-exec-13:2581626 ] - [ ERROR ]  platform global ok:::::2017-09-25 16:12:28-------2017-09-25 16:12:28commandId:b44e1de8e07a4988947eb88c927fff37
  2017-09-25 16:12:38  [ http-bio-80-exec-3:2591697 ] - [ ERROR ]  platform global ok:::::2017-09-25 16:12:38-------2017-09-25 16:12:38commandId:48252cfea8f2448f8f3c6955ce3df37f
  2017-09-25 16:16:24  [ http-bio-80-exec-11:2817960 ] - [ ERROR ]  platform global ok:::::2017-09-25 16:16:24-------2017-09-25 16:16:24
  2017-09-25 16:21:33  [ http-bio-80-exec-3:3126332 ] - [ ERROR ]  userService.updateInfo error for registered user in mainpage!
  2017-09-25 16:22:03  [ http-bio-80-exec-14:3156739 ] - [ ERROR ]  platform global ok:::::2017-09-25 16:22:03-------2017-09-25 16:22:03
  2017-09-25 16:24:56  [ http-bio-80-exec-12:3329809 ] - [ ERROR ]  platform global ok:::::2017-09-25 16:24:56-------2017-09-25 16:24:56
  2017-09-25 16:26:15  [ http-bio-80-exec-13:3408555 ] - [ ERROR ]  platform global ok:::::2017-09-25 16:26:15-------2017-09-25 16:26:15
  2017-09-25 16:27:32  [ http-bio-80-exec-16:3485777 ] - [ ERROR ]  platform global ok:::::2017-09-25 16:27:32-------2017-09-25 16:27:32
  2017-09-25 16:29:22  [ http-bio-80-exec-6:27116 ] - [ ERROR ]  platform global ok:::::2017-09-25 16:29:21-------2017-09-25 16:29:22
  2017-09-25 16:29:54  [ http-bio-80-exec-9:58792 ] - [ ERROR ]  platform global ok:::::2017-09-25 16:29:53-------2017-09-25 16:29:54
  2017-09-25 16:35:05  [ http-bio-80-exec-6:370722 ] - [ ERROR ]  platform global ok:::::2017-09-25 16:35:05-------2017-09-25 16:35:05
  2017-09-25 16:36:14  [ http-bio-80-exec-4:439105 ] - [ ERROR ]  platform global ok:::::2017-09-25 16:36:14-------2017-09-25 16:36:14
  2017-09-25 16:38:37  [ http-bio-80-exec-5:581817 ] - [ ERROR ]  platform global ok:::::2017-09-25 16:38:36-------2017-09-25 16:38:37
  2017-09-25 16:40:38  [ http-bio-80-exec-9:703734 ] - [ ERROR ]  userService.updateInfo error for registered user in mainpage!
  2017-09-25 16:43:56  [ http-bio-80-exec-10:901610 ] - [ ERROR ]  platform global ok:::::2017-09-25 16:43:56-------2017-09-25 16:43:56
  2017-09-25 16:47:49  [ http-bio-80-exec-20:89321 ] - [ ERROR ]  platform global ok:::::2017-09-25 16:47:49-------2017-09-25 16:47:49
  2017-09-25 16:49:27  [ http-bio-80-exec-21:187041 ] - [ ERROR ]  platform global ok:::::2017-09-25 16:49:27-------2017-09-25 16:49:27
  2017-09-25 16:50:18  [ http-bio-80-exec-20:237885 ] - [ ERROR ]  platform global ok:::::2017-09-25 16:50:18-------2017-09-25 16:50:18
  2017-09-25 16:52:32  [ http-bio-80-exec-24:371833 ] - [ ERROR ]  platform global ok:::::2017-09-25 16:52:32-------2017-09-25 16:52:32
  2017-09-25 16:56:55  [ http-bio-80-exec-13:634420 ] - [ ERROR ]  platform global ok:::::2017-09-25 16:56:54-------2017-09-25 16:56:55
  2017-09-25 16:58:14  [ http-bio-80-exec-13:713714 ] - [ ERROR ]  platform global ok:::::2017-09-25 16:58:13-------2017-09-25 16:58:14
  2017-09-25 16:58:31  [ http-bio-80-exec-34:730516 ] - [ ERROR ]  platform global ok:::::2017-09-25 16:58:30-------2017-09-25 16:58:31
  2017-09-25 16:58:53  [ http-bio-80-exec-28:752805 ] - [ ERROR ]  platform global ok:::::2017-09-25 16:58:53-------2017-09-25 16:58:53
  2017-09-25 16:59:34  [ http-bio-80-exec-27:794096 ] - [ ERROR ]  platform global ok:::::2017-09-25 16:59:34-------2017-09-25 16:59:34
  2017-09-25 17:01:07  [ http-bio-80-exec-27:887170 ] - [ ERROR ]  platform global ok:::::2017-09-25 17:01:07-------2017-09-25 17:01:07
  2017-09-25 17:01:15  [ http-bio-80-exec-21:895302 ] - [ ERROR ]  platform global ok:::::2017-09-25 17:01:15-------2017-09-25 17:01:15
  2017-09-25 17:02:58  [ http-bio-80-exec-37:998027 ] - [ ERROR ]  platform global ok:::::2017-09-25 17:02:58-------2017-09-25 17:02:58
  2017-09-25 17:04:13  [ http-bio-80-exec-14:1072802 ] - [ ERROR ]  platform global ok:::::2017-09-25 17:04:13-------2017-09-25 17:04:13
  2017-09-25 17:04:33  [ http-bio-80-exec-19:1092743 ] - [ ERROR ]  platform global ok:::::2017-09-25 17:04:32-------2017-09-25 17:04:33
  2017-09-25 17:07:53  [ http-bio-80-exec-3:24720 ] - [ ERROR ]  platform global ok:::::2017-09-25 17:07:53-------2017-09-25 17:07:53
  2017-09-25 17:09:50  [ http-bio-80-exec-3:141460 ] - [ ERROR ]  platform global ok:::::2017-09-25 17:09:50-------2017-09-25 17:09:50
  2017-09-25 17:10:53  [ http-bio-80-exec-5:204241 ] - [ ERROR ]  platform global ok:::::2017-09-25 17:10:53-------2017-09-25 17:10:53
  2017-09-25 17:11:42  [ http-bio-80-exec-8:253148 ] - [ ERROR ]  platform global ok:::::2017-09-25 17:11:42-------2017-09-25 17:11:42
  2017-09-25 17:12:14  [ http-bio-80-exec-7:285251 ] - [ ERROR ]  platform global ok:::::2017-09-25 17:12:14-------2017-09-25 17:12:14
  2017-09-25 17:13:59  [ http-bio-80-exec-7:389871 ] - [ ERROR ]  platform global ok:::::2017-09-25 17:13:58-------2017-09-25 17:13:59
  2017-09-25 17:14:23  [ http-bio-80-exec-18:414010 ] - [ ERROR ]  platform global ok:::::2017-09-25 17:14:22-------2017-09-25 17:14:23
  2017-09-25 17:16:03  [ http-bio-80-exec-18:514430 ] - [ ERROR ]  platform global ok:::::2017-09-25 17:16:03-------2017-09-25 17:16:03
  2017-09-25 17:17:06  [ http-bio-80-exec-2:577332 ] - [ ERROR ]  platform global ok:::::2017-09-25 17:17:06-------2017-09-25 17:17:06
  2017-09-25 17:17:35  [ http-bio-80-exec-22:606754 ] - [ ERROR ]  platform global ok:::::2017-09-25 17:17:35-------2017-09-25 17:17:35
  2017-09-25 17:17:46  [ http-bio-80-exec-27:616899 ] - [ ERROR ]  platform global ok:::::2017-09-25 17:17:45-------2017-09-25 17:17:46
  2017-09-25 17:17:49  [ http-bio-80-exec-22:620268 ] - [ ERROR ]  platform global ok:::::2017-09-25 17:17:49-------2017-09-25 17:17:49commandId:7925d4e9c14b4e608c42e670843c91ab
  2017-09-25 17:17:59  [ http-bio-80-exec-2:630412 ] - [ ERROR ]  platform global ok:::::2017-09-25 17:17:59-------2017-09-25 17:17:59
  2017-09-25 17:17:59  [ http-bio-80-exec-27:630413 ] - [ ERROR ]  platform global ok:::::2017-09-25 17:17:59-------2017-09-25 17:17:59commandId:554443a4eb19431f81a57d157fb61051
  2017-09-25 17:18:13  [ http-bio-80-exec-2:643944 ] - [ ERROR ]  platform global ok:::::2017-09-25 17:18:12-------2017-09-25 17:18:13commandId:1aab9c1cf73943219de45a70fefdb770
  2017-09-25 17:19:05  [ http-bio-80-exec-2:696691 ] - [ ERROR ]  platform global ok:::::2017-09-25 17:19:05-------2017-09-25 17:19:05
  2017-09-25 17:19:19  [ http-bio-80-exec-2:710214 ] - [ ERROR ]  platform global ok:::::2017-09-25 17:19:19-------2017-09-25 17:19:19commandId:bdca7c32b6a94b49966ee94f87c07417
  2017-09-25 17:21:02  [ http-bio-80-exec-27:813633 ] - [ ERROR ]  platform global ok:::::2017-09-25 17:21:02-------2017-09-25 17:21:02
  2017-09-25 17:22:18  [ http-bio-80-exec-21:889606 ] - [ ERROR ]  platform global ok:::::2017-09-25 17:22:18-------2017-09-25 17:22:18
  2017-09-25 17:23:19  [ http-bio-80-exec-31:950554 ] - [ ERROR ]  platform global ok:::::2017-09-25 17:23:19-------2017-09-25 17:23:19
  2017-09-25 17:29:43  [ http-bio-80-exec-35:1333825 ] - [ ERROR ]  platform global ok:::::2017-09-25 17:29:42-------2017-09-25 17:29:43
  2017-09-25 17:29:53  [ http-bio-80-exec-36:1343920 ] - [ ERROR ]  platform global ok:::::2017-09-25 17:29:52-------2017-09-25 17:29:53
  2017-09-25 17:29:56  [ http-bio-80-exec-35:1347260 ] - [ ERROR ]  platform global ok:::::2017-09-25 17:29:56-------2017-09-25 17:29:56commandId:abd84f8bb5c84ba0b59cd38b153dcd3d
  2017-09-25 17:30:06  [ http-bio-80-exec-36:1357386 ] - [ ERROR ]  platform global ok:::::2017-09-25 17:30:06-------2017-09-25 17:30:06commandId:b1153799896f411da3edcef7249dbaed
  2017-09-25 17:31:45  [ http-bio-80-exec-19:1456533 ] - [ ERROR ]  platform global ok:::::2017-09-25 17:31:45-------2017-09-25 17:31:45
  2017-09-25 17:31:56  [ http-bio-80-exec-36:1467010 ] - [ ERROR ]  platform global ok:::::2017-09-25 17:31:55-------2017-09-25 17:31:56
  2017-09-25 17:31:59  [ http-bio-80-exec-19:1470139 ] - [ ERROR ]  platform global ok:::::2017-09-25 17:31:59-------2017-09-25 17:31:59commandId:2d08adc7da054729af584ead0e63bc49
  2017-09-25 17:32:09  [ http-bio-80-exec-36:1480480 ] - [ ERROR ]  platform global ok:::::2017-09-25 17:32:09-------2017-09-25 17:32:09commandId:cf2d9e7ad8ec4171945282f54e9eabc3
  2017-09-25 17:34:37  [ http-bio-80-exec-36:1627764 ] - [ ERROR ]  platform global ok:::::2017-09-25 17:34:36-------2017-09-25 17:34:37
  2017-09-25 17:35:19  [ http-bio-80-exec-51:1670034 ] - [ ERROR ]  platform global ok:::::2017-09-25 17:35:18-------2017-09-25 17:35:19
  2017-09-25 17:36:11  [ http-bio-80-exec-47:1721769 ] - [ ERROR ]  platform global ok:::::2017-09-25 17:36:10-------2017-09-25 17:36:11
  2017-09-25 17:36:54  [ http-bio-80-exec-54:1765367 ] - [ ERROR ]  platform global ok:::::2017-09-25 17:36:54-------2017-09-25 17:36:54
  2017-09-25 17:37:04  [ http-bio-80-exec-57:1775597 ] - [ ERROR ]  platform global ok:::::2017-09-25 17:37:04-------2017-09-25 17:37:04
  2017-09-25 17:37:08  [ http-bio-80-exec-54:1778865 ] - [ ERROR ]  platform global ok:::::2017-09-25 17:37:07-------2017-09-25 17:37:08commandId:f49e7c61da604eafb836ec8cc38a7f80
  2017-09-25 17:37:40  [ http-bio-80-exec-52:1811220 ] - [ ERROR ]  platform global ok:::::2017-09-25 17:37:40-------2017-09-25 17:37:40
  2017-09-25 17:37:53  [ http-bio-80-exec-52:1824729 ] - [ ERROR ]  platform global ok:::::2017-09-25 17:37:53-------2017-09-25 17:37:53commandId:d816ada6dae94c03a993776231a3f82e
  2017-09-25 17:38:02  [ http-bio-80-exec-62:1833187 ] - [ ERROR ]  platform global ok:::::2017-09-25 17:38:02-------2017-09-25 17:38:02
  2017-09-25 17:38:47  [ http-bio-80-exec-63:1878588 ] - [ ERROR ]  platform global ok:::::2017-09-25 17:38:47-------2017-09-25 17:38:47
  2017-09-25 17:39:25  [ http-bio-80-exec-63:1916506 ] - [ ERROR ]  platform global ok:::::2017-09-25 17:39:25-------2017-09-25 17:39:25
  2017-09-25 17:40:01  [ http-bio-80-exec-55:1952155 ] - [ ERROR ]  platform global ok:::::2017-09-25 17:40:01-------2017-09-25 17:40:01
  2017-09-25 17:40:38  [ http-bio-80-exec-63:1989021 ] - [ ERROR ]  platform global ok:::::2017-09-25 17:40:37-------2017-09-25 17:40:38
  2017-09-25 17:42:16  [ http-bio-80-exec-57:2087200 ] - [ ERROR ]  platform global ok:::::2017-09-25 17:42:16-------2017-09-25 17:42:16
  2017-09-25 17:43:58  [ http-bio-80-exec-54:15760 ] - [ ERROR ]  platform global ok:::::2017-09-25 17:43:58-------2017-09-25 17:43:58
  2017-09-25 17:45:17  [ http-bio-80-exec-76:94551 ] - [ ERROR ]  platform global ok:::::2017-09-25 17:45:17-------2017-09-25 17:45:17
  2017-09-25 17:45:58  [ http-bio-80-exec-77:134991 ] - [ ERROR ]  platform global ok:::::2017-09-25 17:45:57-------2017-09-25 17:45:58
  2017-09-25 17:46:08  [ http-bio-80-exec-75:145066 ] - [ ERROR ]  platform global ok:::::2017-09-25 17:46:07-------2017-09-25 17:46:08
  2017-09-25 17:46:11  [ http-bio-80-exec-77:148418 ] - [ ERROR ]  platform global ok:::::2017-09-25 17:46:11-------2017-09-25 17:46:11commandId:baf5c4de8e4c486dbd209470c77c389d
  2017-09-25 17:46:21  [ http-bio-80-exec-75:158521 ] - [ ERROR ]  platform global ok:::::2017-09-25 17:46:21-------2017-09-25 17:46:21commandId:676f970dc29940598c91c658afdf31b4
  2017-09-25 17:48:10  [ http-bio-80-exec-87:64300 ] - [ ERROR ]  platform global ok:::::2017-09-25 17:48:09-------2017-09-25 17:48:10
  2017-09-25 17:48:44  [ http-bio-80-exec-89:98119 ] - [ ERROR ]  platform global ok:::::2017-09-25 17:48:43-------2017-09-25 17:48:44
  2017-09-25 17:50:29  [ http-bio-80-exec-95:203075 ] - [ ERROR ]  platform global ok:::::2017-09-25 17:50:28-------2017-09-25 17:50:29
  2017-09-25 17:50:50  [ http-bio-80-exec-100:224452 ] - [ ERROR ]  platform global ok:::::2017-09-25 17:50:50-------2017-09-25 17:50:50
  2017-09-25 17:53:07  [ http-bio-80-exec-91:361508 ] - [ ERROR ]  platform global ok:::::2017-09-25 17:53:07-------2017-09-25 17:53:07
  2017-09-25 17:53:41  [ http-bio-80-exec-102:395764 ] - [ ERROR ]  platform global ok:::::2017-09-25 17:53:41-------2017-09-25 17:53:41
  2017-09-25 17:54:25  [ http-bio-80-exec-88:439578 ] - [ ERROR ]  platform global ok:::::2017-09-25 17:54:25-------2017-09-25 17:54:25
  2017-09-25 17:55:21  [ http-bio-80-exec-88:495542 ] - [ ERROR ]  platform global ok:::::2017-09-25 17:55:21-------2017-09-25 17:55:21
  2017-09-25 17:55:57  [ http-bio-80-exec-104:531036 ] - [ ERROR ]  platform global ok:::::2017-09-25 17:55:56-------2017-09-25 17:55:57
  2017-09-25 17:56:08  [ http-bio-80-exec-97:542745 ] - [ ERROR ]  platform global ok:::::2017-09-25 17:56:08-------2017-09-25 17:56:08
  2017-09-25 17:56:48  [ http-bio-80-exec-97:582522 ] - [ ERROR ]  platform global ok:::::2017-09-25 17:56:48-------2017-09-25 17:56:48
  2017-09-25 17:57:02  [ http-bio-80-exec-97:596037 ] - [ ERROR ]  platform global ok:::::2017-09-25 17:57:01-------2017-09-25 17:57:02commandId:1c15512da68a4fb098ffe533ab5d5e7f
  2017-09-25 17:57:48  [ http-bio-80-exec-104:642618 ] - [ ERROR ]  platform global ok:::::2017-09-25 17:57:48-------2017-09-25 17:57:48
  2017-09-25 17:58:18  [ http-bio-80-exec-105:672379 ] - [ ERROR ]  platform global ok:::::2017-09-25 17:58:18-------2017-09-25 17:58:18
  2017-09-25 17:58:32  [ http-bio-80-exec-107:686388 ] - [ ERROR ]  platform global ok:::::2017-09-25 17:58:32-------2017-09-25 17:58:32
  2017-09-25 17:59:32  [ http-bio-80-exec-104:746216 ] - [ ERROR ]  platform global ok:::::2017-09-25 17:59:32-------2017-09-25 17:59:32
  2017-09-25 18:01:09  [ http-bio-80-exec-104:19552 ] - [ ERROR ]  platform global ok:::::2017-09-25 18:01:08-------2017-09-25 18:01:09
  2017-09-25 18:01:19  [ http-bio-80-exec-100:29481 ] - [ ERROR ]  platform global ok:::::2017-09-25 18:01:18-------2017-09-25 18:01:19
  2017-09-25 18:01:22  [ http-bio-80-exec-104:33089 ] - [ ERROR ]  platform global ok:::::2017-09-25 18:01:22-------2017-09-25 18:01:22commandId:4c5515da8d624fffb9c4a0dec59a8f5a
  2017-09-25 18:01:32  [ http-bio-80-exec-100:43019 ] - [ ERROR ]  platform global ok:::::2017-09-25 18:01:32-------2017-09-25 18:01:32commandId:3155a8e58f9946689b1859fd85bf95d0
  2017-09-25 18:01:49  [ http-bio-80-exec-114:60227 ] - [ ERROR ]  platform global ok:::::2017-09-25 18:01:49-------2017-09-25 18:01:49
  2017-09-25 18:03:18  [ http-bio-80-exec-109:148668 ] - [ ERROR ]  platform global ok:::::2017-09-25 18:03:18-------2017-09-25 18:03:18
  2017-09-25 18:04:59  [ http-bio-80-exec-118:249491 ] - [ ERROR ]  platform global ok:::::2017-09-25 18:04:58-------2017-09-25 18:04:59
  2017-09-25 18:05:52  [ http-bio-80-exec-112:9283 ] - [ ERROR ]  platform global ok:::::2017-09-25 18:05:52-------2017-09-25 18:05:52
  2017-09-25 18:06:28  [ http-bio-80-exec-119:44956 ] - [ ERROR ]  platform global ok:::::2017-09-25 18:06:28-------2017-09-25 18:06:28
  2017-09-25 18:07:14  [ http-bio-80-exec-130:90776 ] - [ ERROR ]  platform global ok:::::2017-09-25 18:07:14-------2017-09-25 18:07:14
  2017-09-25 18:08:43  [ http-bio-80-exec-158:85229 ] - [ ERROR ]  platform global ok:::::2017-09-25 18:08:43-------2017-09-25 18:08:43
  2017-09-25 18:09:19  [ http-bio-80-exec-159:120801 ] - [ ERROR ]  platform global ok:::::2017-09-25 18:09:18-------2017-09-25 18:09:19
  2017-09-25 18:09:29  [ http-bio-80-exec-147:130916 ] - [ ERROR ]  platform global ok:::::2017-09-25 18:09:29-------2017-09-25 18:09:29
  2017-09-25 18:09:32  [ http-bio-80-exec-159:134504 ] - [ ERROR ]  platform global ok:::::2017-09-25 18:09:32-------2017-09-25 18:09:32commandId:6fec2448bd814b97b56406503493a7cd
  2017-09-25 18:09:43  [ http-bio-80-exec-147:144598 ] - [ ERROR ]  platform global ok:::::2017-09-25 18:09:42-------2017-09-25 18:09:43commandId:9f4eae96fc2144c7816ebdf4f0c0612b
  2017-09-25 18:11:28  [ http-bio-80-exec-151:250546 ] - [ ERROR ]  platform global ok:::::2017-09-25 18:11:28-------2017-09-25 18:11:28
  2017-09-25 18:13:11  [ http-bio-80-exec-148:352919 ] - [ ERROR ]  platform global ok:::::2017-09-25 18:13:11-------2017-09-25 18:13:11
  2017-09-25 18:13:45  [ http-bio-80-exec-155:387100 ] - [ ERROR ]  platform global ok:::::2017-09-25 18:13:45-------2017-09-25 18:13:45
  2017-09-25 18:15:42  [ http-bio-80-exec-148:503632 ] - [ ERROR ]  platform global ok:::::2017-09-25 18:15:41-------2017-09-25 18:15:42
  2017-09-25 18:16:27  [ http-bio-80-exec-147:549403 ] - [ ERROR ]  platform global ok:::::2017-09-25 18:16:27-------2017-09-25 18:16:27
  2017-09-25 18:17:14  [ http-bio-80-exec-149:595581 ] - [ ERROR ]  platform global ok:::::2017-09-25 18:17:13-------2017-09-25 18:17:14
  2017-09-25 18:17:54  [ http-bio-80-exec-155:635589 ] - [ ERROR ]  platform global ok:::::2017-09-25 18:17:53-------2017-09-25 18:17:54
  2017-09-25 18:18:52  [ http-bio-80-exec-159:693964 ] - [ ERROR ]  platform global ok:::::2017-09-25 18:18:52-------2017-09-25 18:18:52
  2017-09-25 18:20:56  [ http-bio-80-exec-155:4004 ] - [ ERROR ]  platform global ok:::::2017-09-25 18:20:56-------2017-09-25 18:20:56
  2017-09-25 18:20:59  [ http-bio-80-exec-154:6521 ] - [ ERROR ]  platform global ok:::::2017-09-25 18:20:58-------2017-09-25 18:20:59
  2017-09-25 18:21:44  [ http-bio-80-exec-172:51803 ] - [ ERROR ]  platform global ok:::::2017-09-25 18:21:44-------2017-09-25 18:21:44
  2017-09-25 18:21:48  [ http-bio-80-exec-170:55890 ] - [ ERROR ]  platform global ok:::::2017-09-25 18:21:48-------2017-09-25 18:21:48
  2017-09-25 18:22:37  [ http-bio-80-exec-172:105119 ] - [ ERROR ]  platform global ok:::::2017-09-25 18:22:37-------2017-09-25 18:22:37
  2017-09-25 18:23:06  [ http-bio-80-exec-167:133971 ] - [ ERROR ]  platform global ok:::::2017-09-25 18:23:06-------2017-09-25 18:23:06
  2017-09-25 18:25:59  [ http-bio-80-exec-178:306905 ] - [ ERROR ]  platform global ok:::::2017-09-25 18:25:59-------2017-09-25 18:25:59
  2017-09-25 18:26:11  [ http-bio-80-exec-180:319400 ] - [ ERROR ]  platform global ok:::::2017-09-25 18:26:11-------2017-09-25 18:26:11
  2017-09-25 18:27:04  [ http-bio-80-exec-182:371803 ] - [ ERROR ]  platform global ok:::::2017-09-25 18:27:04-------2017-09-25 18:27:04
  2017-09-25 18:27:15  [ http-bio-80-exec-171:383090 ] - [ ERROR ]  platform global ok:::::2017-09-25 18:27:15-------2017-09-25 18:27:15
  2017-09-25 18:29:37  [ http-bio-80-exec-192:524922 ] - [ ERROR ]  platform global ok:::::2017-09-25 18:29:37-------2017-09-25 18:29:37
  2017-09-25 18:30:21  [ http-bio-80-exec-180:568555 ] - [ ERROR ]  platform global ok:::::2017-09-25 18:30:20-------2017-09-25 18:30:21
  2017-09-25 18:31:56  [ http-bio-80-exec-182:664281 ] - [ ERROR ]  platform global ok:::::2017-09-25 18:31:56-------2017-09-25 18:31:56
  2017-09-25 18:32:59  [ http-bio-80-exec-180:726782 ] - [ ERROR ]  platform global ok:::::2017-09-25 18:32:59-------2017-09-25 18:32:59
  2017-09-25 18:33:46  [ http-bio-80-exec-182:773867 ] - [ ERROR ]  platform global ok:::::2017-09-25 18:33:46-------2017-09-25 18:33:46
  2017-09-25 18:34:03  [ http-bio-80-exec-180:790806 ] - [ ERROR ]  platform global ok:::::2017-09-25 18:34:03-------2017-09-25 18:34:03
  2017-09-25 18:34:38  [ http-bio-80-exec-194:825463 ] - [ ERROR ]  platform global ok:::::2017-09-25 18:34:37-------2017-09-25 18:34:38
  2017-09-25 18:35:27  [ http-bio-80-exec-182:874913 ] - [ ERROR ]  platform global ok:::::2017-09-25 18:35:27-------2017-09-25 18:35:27
  2017-09-25 18:49:11  [ http-bio-80-exec-177:1698965 ] - [ ERROR ]  userService.updateInfo error for registered user in mainpage!
  2017-09-25 18:54:54  [ http-bio-80-exec-169:2041835 ] - [ ERROR ]  platform global ok:::::2017-09-25 18:54:53-------2017-09-25 18:54:54
  2017-09-25 19:01:46  [ http-bio-80-exec-198:8830 ] - [ ERROR ]  platform global ok:::::2017-09-25 19:01:46-------2017-09-25 19:01:46
  2017-09-25 19:04:21  [ http-bio-80-exec-198:162879 ] - [ ERROR ]  platform global ok:::::2017-09-25 19:04:20-------2017-09-25 19:04:21
  2017-09-25 19:06:04  [ http-bio-80-exec-204:266333 ] - [ ERROR ]  platform global ok:::::2017-09-25 19:06:04-------2017-09-25 19:06:04
  2017-09-25 19:07:43  [ http-bio-80-exec-211:82759 ] - [ ERROR ]  platform global ok:::::2017-09-25 19:07:43-------2017-09-25 19:07:43
  2017-09-25 19:08:12  [ http-bio-80-exec-221:111177 ] - [ ERROR ]  platform global ok:::::2017-09-25 19:08:11-------2017-09-25 19:08:12
  2017-09-25 19:08:38  [ http-bio-80-exec-222:137734 ] - [ ERROR ]  platform global ok:::::2017-09-25 19:08:38-------2017-09-25 19:08:38
  2017-09-25 19:09:40  [ http-bio-80-exec-218:199214 ] - [ ERROR ]  platform global ok:::::2017-09-25 19:09:40-------2017-09-25 19:09:40
  2017-09-25 19:11:15  [ http-bio-80-exec-224:294338 ] - [ ERROR ]  platform global ok:::::2017-09-25 19:11:15-------2017-09-25 19:11:15
  2017-09-25 19:11:29  [ http-bio-80-exec-223:308890 ] - [ ERROR ]  platform global ok:::::2017-09-25 19:11:29-------2017-09-25 19:11:29
  2017-09-25 19:13:58  [ http-bio-80-exec-219:457555 ] - [ ERROR ]  platform global ok:::::2017-09-25 19:13:58-------2017-09-25 19:13:58
  2017-09-25 19:14:08  [ http-bio-80-exec-224:467011 ] - [ ERROR ]  platform global ok:::::2017-09-25 19:14:07-------2017-09-25 19:14:08
  2017-09-25 19:14:59  [ http-bio-80-exec-219:517922 ] - [ ERROR ]  platform global ok:::::2017-09-25 19:14:58-------2017-09-25 19:14:59
  2017-09-25 19:21:40  [ http-bio-80-exec-227:919135 ] - [ ERROR ]  platform global ok:::::2017-09-25 19:21:39-------2017-09-25 19:21:40
  2017-09-25 19:22:34  [ http-bio-80-exec-226:973403 ] - [ ERROR ]  platform global ok:::::2017-09-25 19:22:34-------2017-09-25 19:22:34
  2017-09-25 19:23:48  [ http-bio-80-exec-227:1047318 ] - [ ERROR ]  platform global ok:::::2017-09-25 19:23:48-------2017-09-25 19:23:48
  2017-09-25 19:26:56  [ http-bio-80-exec-219:38350 ] - [ ERROR ]  platform global ok:::::2017-09-25 19:26:55-------2017-09-25 19:26:56
  2017-09-25 19:27:44  [ http-bio-80-exec-234:86050 ] - [ ERROR ]  platform global ok:::::2017-09-25 19:27:43-------2017-09-25 19:27:44
  2017-09-25 19:30:29  [ http-bio-80-exec-240:251763 ] - [ ERROR ]  platform global ok:::::2017-09-25 19:30:29-------2017-09-25 19:30:29
  2017-09-25 19:30:58  [ http-bio-80-exec-234:280569 ] - [ ERROR ]  platform global ok:::::2017-09-25 19:30:58-------2017-09-25 19:30:58
  2017-09-25 19:33:21  [ http-bio-80-exec-244:423869 ] - [ ERROR ]  platform global ok:::::2017-09-25 19:33:21-------2017-09-25 19:33:21
  2017-09-25 19:33:46  [ http-bio-80-exec-245:447976 ] - [ ERROR ]  platform global ok:::::2017-09-25 19:33:45-------2017-09-25 19:33:46
  2017-09-25 19:34:05  [ http-bio-80-exec-245:467331 ] - [ ERROR ]  platform global ok:::::2017-09-25 19:34:05-------2017-09-25 19:34:05
  2017-09-25 19:34:42  [ http-bio-80-exec-245:504562 ] - [ ERROR ]  platform global ok:::::2017-09-25 19:34:42-------2017-09-25 19:34:42
  2017-09-25 19:36:15  [ http-bio-80-exec-242:597322 ] - [ ERROR ]  platform global ok:::::2017-09-25 19:36:15-------2017-09-25 19:36:15
  2017-09-25 19:36:40  [ http-bio-80-exec-242:621982 ] - [ ERROR ]  platform global ok:::::2017-09-25 19:36:39-------2017-09-25 19:36:40
  2017-09-25 19:37:36  [ http-bio-80-exec-238:678705 ] - [ ERROR ]  platform global ok:::::2017-09-25 19:37:36-------2017-09-25 19:37:36
  2017-09-25 19:42:09  [ http-bio-80-exec-234:951789 ] - [ ERROR ]  platform global ok:::::2017-09-25 19:42:09-------2017-09-25 19:42:09
  2017-09-25 19:43:40  [ http-bio-80-exec-239:1042838 ] - [ ERROR ]  platform global ok:::::2017-09-25 19:43:40-------2017-09-25 19:43:40
  2017-09-25 19:46:20  [ http-bio-80-exec-245:1202194 ] - [ ERROR ]  platform global ok:::::2017-09-25 19:46:19-------2017-09-25 19:46:20
  2017-09-25 19:46:47  [ http-bio-80-exec-255:1229868 ] - [ ERROR ]  platform global ok:::::2017-09-25 19:46:47-------2017-09-25 19:46:47
  2017-09-25 19:49:16  [ http-bio-80-exec-257:1378180 ] - [ ERROR ]  platform global ok:::::2017-09-25 19:49:15-------2017-09-25 19:49:16
  2017-09-25 19:49:49  [ http-bio-80-exec-242:1411741 ] - [ ERROR ]  platform global ok:::::2017-09-25 19:49:49-------2017-09-25 19:49:49
  2017-09-25 19:52:11  [ http-bio-80-exec-260:1553909 ] - [ ERROR ]  platform global ok:::::2017-09-25 19:52:11-------2017-09-25 19:52:11
  2017-09-25 19:52:53  [ http-bio-80-exec-242:1595522 ] - [ ERROR ]  platform global ok:::::2017-09-25 19:52:53-------2017-09-25 19:52:53
  2017-09-25 19:56:39  [ http-bio-80-exec-257:1821806 ] - [ ERROR ]  userService.updateInfo error for registered user in mainpage!
  2017-09-25 19:56:55  [ http-bio-80-exec-248:1837361 ] - [ ERROR ]  userService.updateInfo error for registered user in mainpage!
  2017-09-25 19:57:10  [ http-bio-80-exec-254:1852023 ] - [ ERROR ]  platform global ok:::::2017-09-25 19:57:09-------2017-09-25 19:57:10
  2017-09-25 20:23:37  [ http-bio-80-exec-256:3439099 ] - [ ERROR ]  platform global ok:::::2017-09-25 20:23:36-------2017-09-25 20:23:37
  2017-09-25 20:25:37  [ http-bio-80-exec-249:3559019 ] - [ ERROR ]  userService.updateInfo error for registered user in mainpage!
  2017-09-25 20:46:43  [ http-bio-80-exec-248:4825075 ] - [ ERROR ]  platform global ok:::::2017-09-25 20:46:42-------2017-09-25 20:46:43
  2017-09-25 20:54:02  [ http-bio-80-exec-245:5264652 ] - [ ERROR ]  platform global ok:::::2017-09-25 20:54:02-------2017-09-25 20:54:02
  2017-09-25 21:41:10  [ http-bio-80-exec-264:8092721 ] - [ ERROR ]  userService.updateInfo error for registered user in mainpage!
  2017-09-25 21:41:54  [ http-bio-80-exec-263:8136483 ] - [ ERROR ]  userService.updateInfo error for registered user in mainpage!
  2017-09-25 21:42:00  [ http-bio-80-exec-263:8142027 ] - [ ERROR ]  userService.updateInfo error for registered user in mainpage!
  2017-09-25 22:14:48  [ http-bio-80-exec-267:276297 ] - [ ERROR ]  userService.updateInfo error for registered user in mainpage!UserPO[id=0, openId='o1S07wpzwQnoLnfsCNRhSXypcyV8', nickname='南瓜小胖纸🎃', phone='null', recharge=0.0, present=0.0, sex=2, language='zh_CN', city='杭州', province='浙江', country='中国', headImgUrl='http://wx.qlogo.cn/mmopen/vi_32/DYAIOgq83eoZGBSYyovj5wdtcxtjTQ48Xcy29ia9eB9Ynv1VhHLUj1tmU3CtlXAiap71MODU7E6no9FiaAckkQriag/0', gmtCreate='null', gmtModified='null']
  2017-09-25 22:15:23  [ http-bio-80-exec-271:311194 ] - [ ERROR ]  platform global ok:::::2017-09-25 22:15:23-------2017-09-25 22:15:23
  2017-09-25 22:16:16  [ http-bio-80-exec-266:364316 ] - [ ERROR ]  userService.updateInfo error for registered user in mainpage!UserPO[id=0, openId='o1S07wpzwQnoLnfsCNRhSXypcyV8', nickname='南瓜小胖纸🎃', phone='null', recharge=0.0, present=0.0, sex=2, language='zh_CN', city='杭州', province='浙江', country='中国', headImgUrl='http://wx.qlogo.cn/mmopen/vi_32/DYAIOgq83eoZGBSYyovj5wdtcxtjTQ48Xcy29ia9eB9Ynv1VhHLUj1tmU3CtlXAiap71MODU7E6no9FiaAckkQriag/0', gmtCreate='null', gmtModified='null']
  